Determining if the pthread_create exist failed with the following output:
Change Dir: /home/user/Documents/advrob/pf_localization/build/CMakeFiles/CMakeTmp

Run Build Command:"/usr/bin/make" "cmTC_40741/fast"
/usr/bin/make -f CMakeFiles/cmTC_40741.dir/build.make CMakeFiles/cmTC_40741.dir/build
make[1]: Entering directory '/home/user/Documents/advrob/pf_localization/build/CMakeFiles/CMakeTmp'
Building C object CMakeFiles/cmTC_40741.dir/CheckSymbolExists.c.o
/usr/bin/cc     -o CMakeFiles/cmTC_40741.dir/CheckSymbolExists.c.o   -c /home/user/Documents/advrob/pf_localization/build/CMakeFiles/CMakeTmp/CheckSymbolExists.c
Linking C executable cmTC_40741
/usr/bin/cmake -E cmake_link_script CMakeFiles/cmTC_40741.dir/link.txt --verbose=1
/usr/bin/cc       CMakeFiles/cmTC_40741.dir/CheckSymbolExists.c.o  -o cmTC_40741 -rdynamic 
CMakeFiles/cmTC_40741.dir/CheckSymbolExists.c.o: In function `main':
CheckSymbolExists.c:(.text+0x16): undefined reference to `pthread_create'
collect2: error: ld returned 1 exit status
CMakeFiles/cmTC_40741.dir/build.make:97: recipe for target 'cmTC_40741' failed
make[1]: *** [cmTC_40741] Error 1
make[1]: Leaving directory '/home/user/Documents/advrob/pf_localization/build/CMakeFiles/CMakeTmp'
Makefile:126: recipe for target 'cmTC_40741/fast' failed
make: *** [cmTC_40741/fast] Error 2

File /home/user/Documents/advrob/pf_localization/build/CMakeFiles/CMakeTmp/CheckSymbolExists.c:
/* */
#include <pthread.h>

int main(int argc, char** argv)
{
  (void)argv;
#ifndef pthread_create
  return ((int*)(&pthread_create))[argc];
#else
  (void)argc;
  return 0;
#endif
}

Determining if the function pthread_create exists in the pthreads failed with the following output:
Change Dir: /home/user/Documents/advrob/pf_localization/build/CMakeFiles/CMakeTmp

Run Build Command:"/usr/bin/make" "cmTC_644b7/fast"
/usr/bin/make -f CMakeFiles/cmTC_644b7.dir/build.make CMakeFiles/cmTC_644b7.dir/build
make[1]: Entering directory '/home/user/Documents/advrob/pf_localization/build/CMakeFiles/CMakeTmp'
Building C object CMakeFiles/cmTC_644b7.dir/CheckFunctionExists.c.o
/usr/bin/cc    -DCHECK_FUNCTION_EXISTS=pthread_create   -o CMakeFiles/cmTC_644b7.dir/CheckFunctionExists.c.o   -c /usr/share/cmake-3.5/Modules/CheckFunctionExists.c
Linking C executable cmTC_644b7
/usr/bin/cmake -E cmake_link_script CMakeFiles/cmTC_644b7.dir/link.txt --verbose=1
/usr/bin/cc   -DCHECK_FUNCTION_EXISTS=pthread_create    CMakeFiles/cmTC_644b7.dir/CheckFunctionExists.c.o  -o cmTC_644b7 -rdynamic -lpthreads 
/usr/bin/ld: cannot find -lpthreads
collect2: error: ld returned 1 exit status
CMakeFiles/cmTC_644b7.dir/build.make:97: recipe for target 'cmTC_644b7' failed
make[1]: *** [cmTC_644b7] Error 1
make[1]: Leaving directory '/home/user/Documents/advrob/pf_localization/build/CMakeFiles/CMakeTmp'
Makefile:126: recipe for target 'cmTC_644b7/fast' failed
make: *** [cmTC_644b7/fast] Error 2


